<?xml version="1.0" encoding="UTF-8"?>
<testsuite xmlns:xsi="http://www.w3.org/2001/XMLSchema-instance" xsi:noNamespaceSchemaLocation="https://maven.apache.org/surefire/maven-surefire-plugin/xsd/surefire-test-report.xsd" name="com.hms.microservice.CurrencyConversionServiceApplicationTests" time="3.726" tests="1" errors="0" skipped="0" failures="0">
  <properties>
    <property name="sun.desktop" value="gnome"/>
    <property name="awt.toolkit" value="sun.awt.X11.XToolkit"/>
    <property name="file.encoding.pkg" value="sun.io"/>
    <property name="java.specification.version" value="1.8"/>
    <property name="sun.cpu.isalist" value=""/>
    <property name="sun.jnu.encoding" value="UTF-8"/>
    <property name="java.class.path" value="/home/helenilson/Documents/workspaceEstudo/currency-conversion-service/target/test-classes:/home/helenilson/Documents/workspaceEstudo/currency-conversion-service/target/classes:/home/helenilson/.m2/repository/org/springframework/boot/spring-boot-starter-actuator/2.1.0.RC1/spring-boot-starter-actuator-2.1.0.RC1.jar:/home/helenilson/.m2/repository/org/springframework/boot/spring-boot-starter/2.1.0.RC1/spring-boot-starter-2.1.0.RC1.jar:/home/helenilson/.m2/repository/org/springframework/boot/spring-boot-starter-logging/2.1.0.RC1/spring-boot-starter-logging-2.1.0.RC1.jar:/home/helenilson/.m2/repository/ch/qos/logback/logback-classic/1.2.3/logback-classic-1.2.3.jar:/home/helenilson/.m2/repository/ch/qos/logback/logback-core/1.2.3/logback-core-1.2.3.jar:/home/helenilson/.m2/repository/org/apache/logging/log4j/log4j-to-slf4j/2.11.1/log4j-to-slf4j-2.11.1.jar:/home/helenilson/.m2/repository/org/apache/logging/log4j/log4j-api/2.11.1/log4j-api-2.11.1.jar:/home/helenilson/.m2/repository/org/slf4j/jul-to-slf4j/1.7.25/jul-to-slf4j-1.7.25.jar:/home/helenilson/.m2/repository/javax/annotation/javax.annotation-api/1.3.2/javax.annotation-api-1.3.2.jar:/home/helenilson/.m2/repository/org/yaml/snakeyaml/1.23/snakeyaml-1.23.jar:/home/helenilson/.m2/repository/org/springframework/boot/spring-boot-actuator-autoconfigure/2.1.0.RC1/spring-boot-actuator-autoconfigure-2.1.0.RC1.jar:/home/helenilson/.m2/repository/org/springframework/boot/spring-boot-actuator/2.1.0.RC1/spring-boot-actuator-2.1.0.RC1.jar:/home/helenilson/.m2/repository/org/springframework/spring-context/5.1.1.RELEASE/spring-context-5.1.1.RELEASE.jar:/home/helenilson/.m2/repository/com/fasterxml/jackson/datatype/jackson-datatype-jsr310/2.9.7/jackson-datatype-jsr310-2.9.7.jar:/home/helenilson/.m2/repository/io/micrometer/micrometer-core/1.1.0-rc.1/micrometer-core-1.1.0-rc.1.jar:/home/helenilson/.m2/repository/org/hdrhistogram/HdrHistogram/2.1.9/HdrHistogram-2.1.9.jar:/home/helenilson/.m2/repository/org/latencyutils/LatencyUtils/2.0.3/LatencyUtils-2.0.3.jar:/home/helenilson/.m2/repository/org/springframework/boot/spring-boot-starter-web/2.1.0.RC1/spring-boot-starter-web-2.1.0.RC1.jar:/home/helenilson/.m2/repository/org/springframework/boot/spring-boot-starter-json/2.1.0.RC1/spring-boot-starter-json-2.1.0.RC1.jar:/home/helenilson/.m2/repository/com/fasterxml/jackson/datatype/jackson-datatype-jdk8/2.9.7/jackson-datatype-jdk8-2.9.7.jar:/home/helenilson/.m2/repository/com/fasterxml/jackson/module/jackson-module-parameter-names/2.9.7/jackson-module-parameter-names-2.9.7.jar:/home/helenilson/.m2/repository/org/springframework/boot/spring-boot-starter-tomcat/2.1.0.RC1/spring-boot-starter-tomcat-2.1.0.RC1.jar:/home/helenilson/.m2/repository/org/apache/tomcat/embed/tomcat-embed-core/9.0.12/tomcat-embed-core-9.0.12.jar:/home/helenilson/.m2/repository/org/apache/tomcat/embed/tomcat-embed-el/9.0.12/tomcat-embed-el-9.0.12.jar:/home/helenilson/.m2/repository/org/apache/tomcat/embed/tomcat-embed-websocket/9.0.12/tomcat-embed-websocket-9.0.12.jar:/home/helenilson/.m2/repository/org/hibernate/validator/hibernate-validator/6.0.13.Final/hibernate-validator-6.0.13.Final.jar:/home/helenilson/.m2/repository/javax/validation/validation-api/2.0.1.Final/validation-api-2.0.1.Final.jar:/home/helenilson/.m2/repository/org/jboss/logging/jboss-logging/3.3.2.Final/jboss-logging-3.3.2.Final.jar:/home/helenilson/.m2/repository/com/fasterxml/classmate/1.4.0/classmate-1.4.0.jar:/home/helenilson/.m2/repository/org/springframework/spring-web/5.1.1.RELEASE/spring-web-5.1.1.RELEASE.jar:/home/helenilson/.m2/repository/org/springframework/spring-beans/5.1.1.RELEASE/spring-beans-5.1.1.RELEASE.jar:/home/helenilson/.m2/repository/org/springframework/spring-webmvc/5.1.1.RELEASE/spring-webmvc-5.1.1.RELEASE.jar:/home/helenilson/.m2/repository/org/springframework/spring-aop/5.1.1.RELEASE/spring-aop-5.1.1.RELEASE.jar:/home/helenilson/.m2/repository/org/springframework/spring-expression/5.1.1.RELEASE/spring-expression-5.1.1.RELEASE.jar:/home/helenilson/.m2/repository/org/springframework/cloud/spring-cloud-starter-config/2.1.0.M1/spring-cloud-starter-config-2.1.0.M1.jar:/home/helenilson/.m2/repository/org/springframework/cloud/spring-cloud-starter/2.1.0.M1/spring-cloud-starter-2.1.0.M1.jar:/home/helenilson/.m2/repository/org/springframework/cloud/spring-cloud-context/2.1.0.M1/spring-cloud-context-2.1.0.M1.jar:/home/helenilson/.m2/repository/org/springframework/security/spring-security-rsa/1.0.7.RELEASE/spring-security-rsa-1.0.7.RELEASE.jar:/home/helenilson/.m2/repository/org/bouncycastle/bcpkix-jdk15on/1.60/bcpkix-jdk15on-1.60.jar:/home/helenilson/.m2/repository/org/bouncycastle/bcprov-jdk15on/1.60/bcprov-jdk15on-1.60.jar:/home/helenilson/.m2/repository/org/springframework/cloud/spring-cloud-config-client/2.1.0.M1/spring-cloud-config-client-2.1.0.M1.jar:/home/helenilson/.m2/repository/com/fasterxml/jackson/core/jackson-annotations/2.9.0/jackson-annotations-2.9.0.jar:/home/helenilson/.m2/repository/com/fasterxml/jackson/core/jackson-databind/2.9.7/jackson-databind-2.9.7.jar:/home/helenilson/.m2/repository/com/fasterxml/jackson/core/jackson-core/2.9.7/jackson-core-2.9.7.jar:/home/helenilson/.m2/repository/org/springframework/cloud/spring-cloud-starter-openfeign/2.1.0.M1/spring-cloud-starter-openfeign-2.1.0.M1.jar:/home/helenilson/.m2/repository/org/springframework/cloud/spring-cloud-openfeign-core/2.1.0.M1/spring-cloud-openfeign-core-2.1.0.M1.jar:/home/helenilson/.m2/repository/org/springframework/boot/spring-boot-starter-aop/2.1.0.RC1/spring-boot-starter-aop-2.1.0.RC1.jar:/home/helenilson/.m2/repository/org/aspectj/aspectjweaver/1.9.1/aspectjweaver-1.9.1.jar:/home/helenilson/.m2/repository/io/github/openfeign/form/feign-form-spring/3.3.0/feign-form-spring-3.3.0.jar:/home/helenilson/.m2/repository/io/github/openfeign/form/feign-form/3.3.0/feign-form-3.3.0.jar:/home/helenilson/.m2/repository/com/google/code/findbugs/annotations/3.0.1/annotations-3.0.1.jar:/home/helenilson/.m2/repository/net/jcip/jcip-annotations/1.0/jcip-annotations-1.0.jar:/home/helenilson/.m2/repository/commons-fileupload/commons-fileupload/1.3.3/commons-fileupload-1.3.3.jar:/home/helenilson/.m2/repository/commons-io/commons-io/2.2/commons-io-2.2.jar:/home/helenilson/.m2/repository/org/springframework/cloud/spring-cloud-commons/2.1.0.M1/spring-cloud-commons-2.1.0.M1.jar:/home/helenilson/.m2/repository/org/springframework/security/spring-security-crypto/5.1.1.RELEASE/spring-security-crypto-5.1.1.RELEASE.jar:/home/helenilson/.m2/repository/io/github/openfeign/feign-core/9.7.0/feign-core-9.7.0.jar:/home/helenilson/.m2/repository/io/github/openfeign/feign-slf4j/9.7.0/feign-slf4j-9.7.0.jar:/home/helenilson/.m2/repository/org/slf4j/slf4j-api/1.7.25/slf4j-api-1.7.25.jar:/home/helenilson/.m2/repository/io/github/openfeign/feign-hystrix/9.7.0/feign-hystrix-9.7.0.jar:/home/helenilson/.m2/repository/com/netflix/archaius/archaius-core/0.7.6/archaius-core-0.7.6.jar:/home/helenilson/.m2/repository/com/google/code/findbugs/jsr305/3.0.1/jsr305-3.0.1.jar:/home/helenilson/.m2/repository/com/netflix/hystrix/hystrix-core/1.5.12/hystrix-core-1.5.12.jar:/home/helenilson/.m2/repository/io/github/openfeign/feign-java8/9.7.0/feign-java8-9.7.0.jar:/home/helenilson/.m2/repository/org/springframework/cloud/spring-cloud-starter-netflix-ribbon/2.1.0.M1/spring-cloud-starter-netflix-ribbon-2.1.0.M1.jar:/home/helenilson/.m2/repository/org/springframework/cloud/spring-cloud-netflix-ribbon/2.1.0.M1/spring-cloud-netflix-ribbon-2.1.0.M1.jar:/home/helenilson/.m2/repository/org/springframework/cloud/spring-cloud-netflix-archaius/2.1.0.M1/spring-cloud-netflix-archaius-2.1.0.M1.jar:/home/helenilson/.m2/repository/org/springframework/cloud/spring-cloud-starter-netflix-archaius/2.1.0.M1/spring-cloud-starter-netflix-archaius-2.1.0.M1.jar:/home/helenilson/.m2/repository/commons-configuration/commons-configuration/1.8/commons-configuration-1.8.jar:/home/helenilson/.m2/repository/com/netflix/ribbon/ribbon/2.2.5/ribbon-2.2.5.jar:/home/helenilson/.m2/repository/com/netflix/ribbon/ribbon-transport/2.2.5/ribbon-transport-2.2.5.jar:/home/helenilson/.m2/repository/io/reactivex/rxnetty-contexts/0.4.9/rxnetty-contexts-0.4.9.jar:/home/helenilson/.m2/repository/io/reactivex/rxnetty-servo/0.4.9/rxnetty-servo-0.4.9.jar:/home/helenilson/.m2/repository/javax/inject/javax.inject/1/javax.inject-1.jar:/home/helenilson/.m2/repository/io/reactivex/rxnetty/0.4.9/rxnetty-0.4.9.jar:/home/helenilson/.m2/repository/io/netty/netty-codec-http/4.1.29.Final/netty-codec-http-4.1.29.Final.jar:/home/helenilson/.m2/repository/io/netty/netty-codec/4.1.29.Final/netty-codec-4.1.29.Final.jar:/home/helenilson/.m2/repository/io/netty/netty-transport-native-epoll/4.1.29.Final/netty-transport-native-epoll-4.1.29.Final.jar:/home/helenilson/.m2/repository/io/netty/netty-common/4.1.29.Final/netty-common-4.1.29.Final.jar:/home/helenilson/.m2/repository/io/netty/netty-buffer/4.1.29.Final/netty-buffer-4.1.29.Final.jar:/home/helenilson/.m2/repository/io/netty/netty-transport-native-unix-common/4.1.29.Final/netty-transport-native-unix-common-4.1.29.Final.jar:/home/helenilson/.m2/repository/io/netty/netty-transport/4.1.29.Final/netty-transport-4.1.29.Final.jar:/home/helenilson/.m2/repository/io/netty/netty-resolver/4.1.29.Final/netty-resolver-4.1.29.Final.jar:/home/helenilson/.m2/repository/com/google/guava/guava/16.0.1/guava-16.0.1.jar:/home/helenilson/.m2/repository/com/netflix/ribbon/ribbon-core/2.2.5/ribbon-core-2.2.5.jar:/home/helenilson/.m2/repository/commons-lang/commons-lang/2.6/commons-lang-2.6.jar:/home/helenilson/.m2/repository/com/netflix/ribbon/ribbon-httpclient/2.2.5/ribbon-httpclient-2.2.5.jar:/home/helenilson/.m2/repository/commons-collections/commons-collections/3.2.2/commons-collections-3.2.2.jar:/home/helenilson/.m2/repository/org/apache/httpcomponents/httpclient/4.5.6/httpclient-4.5.6.jar:/home/helenilson/.m2/repository/org/apache/httpcomponents/httpcore/4.4.10/httpcore-4.4.10.jar:/home/helenilson/.m2/repository/commons-codec/commons-codec/1.11/commons-codec-1.11.jar:/home/helenilson/.m2/repository/com/sun/jersey/jersey-client/1.19.1/jersey-client-1.19.1.jar:/home/helenilson/.m2/repository/com/sun/jersey/jersey-core/1.19.1/jersey-core-1.19.1.jar:/home/helenilson/.m2/repository/javax/ws/rs/jsr311-api/1.1.1/jsr311-api-1.1.1.jar:/home/helenilson/.m2/repository/com/sun/jersey/contribs/jersey-apache-client4/1.19.1/jersey-apache-client4-1.19.1.jar:/home/helenilson/.m2/repository/com/netflix/servo/servo-core/0.12.21/servo-core-0.12.21.jar:/home/helenilson/.m2/repository/com/netflix/netflix-commons/netflix-commons-util/0.3.0/netflix-commons-util-0.3.0.jar:/home/helenilson/.m2/repository/com/netflix/ribbon/ribbon-loadbalancer/2.2.5/ribbon-loadbalancer-2.2.5.jar:/home/helenilson/.m2/repository/com/netflix/netflix-commons/netflix-statistics/0.1.1/netflix-statistics-0.1.1.jar:/home/helenilson/.m2/repository/io/reactivex/rxjava/1.3.8/rxjava-1.3.8.jar:/home/helenilson/.m2/repository/org/springframework/boot/spring-boot-devtools/2.1.0.RC1/spring-boot-devtools-2.1.0.RC1.jar:/home/helenilson/.m2/repository/org/springframework/boot/spring-boot/2.1.0.RC1/spring-boot-2.1.0.RC1.jar:/home/helenilson/.m2/repository/org/springframework/boot/spring-boot-autoconfigure/2.1.0.RC1/spring-boot-autoconfigure-2.1.0.RC1.jar:/home/helenilson/.m2/repository/org/springframework/boot/spring-boot-starter-test/2.1.0.RC1/spring-boot-starter-test-2.1.0.RC1.jar:/home/helenilson/.m2/repository/org/springframework/boot/spring-boot-test/2.1.0.RC1/spring-boot-test-2.1.0.RC1.jar:/home/helenilson/.m2/repository/org/springframework/boot/spring-boot-test-autoconfigure/2.1.0.RC1/spring-boot-test-autoconfigure-2.1.0.RC1.jar:/home/helenilson/.m2/repository/com/jayway/jsonpath/json-path/2.4.0/json-path-2.4.0.jar:/home/helenilson/.m2/repository/net/minidev/json-smart/2.3/json-smart-2.3.jar:/home/helenilson/.m2/repository/net/minidev/accessors-smart/1.2/accessors-smart-1.2.jar:/home/helenilson/.m2/repository/org/ow2/asm/asm/5.0.4/asm-5.0.4.jar:/home/helenilson/.m2/repository/junit/junit/4.12/junit-4.12.jar:/home/helenilson/.m2/repository/org/assertj/assertj-core/3.11.1/assertj-core-3.11.1.jar:/home/helenilson/.m2/repository/org/mockito/mockito-core/2.23.0/mockito-core-2.23.0.jar:/home/helenilson/.m2/repository/net/bytebuddy/byte-buddy/1.9.1/byte-buddy-1.9.1.jar:/home/helenilson/.m2/repository/net/bytebuddy/byte-buddy-agent/1.9.1/byte-buddy-agent-1.9.1.jar:/home/helenilson/.m2/repository/org/objenesis/objenesis/2.6/objenesis-2.6.jar:/home/helenilson/.m2/repository/org/hamcrest/hamcrest-core/1.3/hamcrest-core-1.3.jar:/home/helenilson/.m2/repository/org/hamcrest/hamcrest-library/1.3/hamcrest-library-1.3.jar:/home/helenilson/.m2/repository/org/skyscreamer/jsonassert/1.5.0/jsonassert-1.5.0.jar:/home/helenilson/.m2/repository/com/vaadin/external/google/android-json/0.0.20131108.vaadin1/android-json-0.0.20131108.vaadin1.jar:/home/helenilson/.m2/repository/org/springframework/spring-core/5.1.1.RELEASE/spring-core-5.1.1.RELEASE.jar:/home/helenilson/.m2/repository/org/springframework/spring-jcl/5.1.1.RELEASE/spring-jcl-5.1.1.RELEASE.jar:/home/helenilson/.m2/repository/org/springframework/spring-test/5.1.1.RELEASE/spring-test-5.1.1.RELEASE.jar:/home/helenilson/.m2/repository/org/xmlunit/xmlunit-core/2.6.2/xmlunit-core-2.6.2.jar:"/>
    <property name="java.vm.vendor" value="Oracle Corporation"/>
    <property name="sun.arch.data.model" value="64"/>
    <property name="java.vendor.url" value="http://java.oracle.com/"/>
    <property name="user.timezone" value=""/>
    <property name="java.vm.specification.version" value="1.8"/>
    <property name="os.name" value="Linux"/>
    <property name="user.country" value="BR"/>
    <property name="sun.java.launcher" value="SUN_STANDARD"/>
    <property name="sun.boot.library.path" value="/usr/lib/jvm/java-8-oracle/jre/lib/amd64"/>
    <property name="sun.java.command" value="/home/helenilson/Documents/workspaceEstudo/currency-conversion-service/target/surefire/surefirebooter2514068635776218116.jar /home/helenilson/Documents/workspaceEstudo/currency-conversion-service/target/surefire 2018-11-29T11-18-41_534-jvmRun1 surefire116499335481213728tmp surefire_04381858097132083487tmp"/>
    <property name="surefire.test.class.path" value="/home/helenilson/Documents/workspaceEstudo/currency-conversion-service/target/test-classes:/home/helenilson/Documents/workspaceEstudo/currency-conversion-service/target/classes:/home/helenilson/.m2/repository/org/springframework/boot/spring-boot-starter-actuator/2.1.0.RC1/spring-boot-starter-actuator-2.1.0.RC1.jar:/home/helenilson/.m2/repository/org/springframework/boot/spring-boot-starter/2.1.0.RC1/spring-boot-starter-2.1.0.RC1.jar:/home/helenilson/.m2/repository/org/springframework/boot/spring-boot-starter-logging/2.1.0.RC1/spring-boot-starter-logging-2.1.0.RC1.jar:/home/helenilson/.m2/repository/ch/qos/logback/logback-classic/1.2.3/logback-classic-1.2.3.jar:/home/helenilson/.m2/repository/ch/qos/logback/logback-core/1.2.3/logback-core-1.2.3.jar:/home/helenilson/.m2/repository/org/apache/logging/log4j/log4j-to-slf4j/2.11.1/log4j-to-slf4j-2.11.1.jar:/home/helenilson/.m2/repository/org/apache/logging/log4j/log4j-api/2.11.1/log4j-api-2.11.1.jar:/home/helenilson/.m2/repository/org/slf4j/jul-to-slf4j/1.7.25/jul-to-slf4j-1.7.25.jar:/home/helenilson/.m2/repository/javax/annotation/javax.annotation-api/1.3.2/javax.annotation-api-1.3.2.jar:/home/helenilson/.m2/repository/org/yaml/snakeyaml/1.23/snakeyaml-1.23.jar:/home/helenilson/.m2/repository/org/springframework/boot/spring-boot-actuator-autoconfigure/2.1.0.RC1/spring-boot-actuator-autoconfigure-2.1.0.RC1.jar:/home/helenilson/.m2/repository/org/springframework/boot/spring-boot-actuator/2.1.0.RC1/spring-boot-actuator-2.1.0.RC1.jar:/home/helenilson/.m2/repository/org/springframework/spring-context/5.1.1.RELEASE/spring-context-5.1.1.RELEASE.jar:/home/helenilson/.m2/repository/com/fasterxml/jackson/datatype/jackson-datatype-jsr310/2.9.7/jackson-datatype-jsr310-2.9.7.jar:/home/helenilson/.m2/repository/io/micrometer/micrometer-core/1.1.0-rc.1/micrometer-core-1.1.0-rc.1.jar:/home/helenilson/.m2/repository/org/hdrhistogram/HdrHistogram/2.1.9/HdrHistogram-2.1.9.jar:/home/helenilson/.m2/repository/org/latencyutils/LatencyUtils/2.0.3/LatencyUtils-2.0.3.jar:/home/helenilson/.m2/repository/org/springframework/boot/spring-boot-starter-web/2.1.0.RC1/spring-boot-starter-web-2.1.0.RC1.jar:/home/helenilson/.m2/repository/org/springframework/boot/spring-boot-starter-json/2.1.0.RC1/spring-boot-starter-json-2.1.0.RC1.jar:/home/helenilson/.m2/repository/com/fasterxml/jackson/datatype/jackson-datatype-jdk8/2.9.7/jackson-datatype-jdk8-2.9.7.jar:/home/helenilson/.m2/repository/com/fasterxml/jackson/module/jackson-module-parameter-names/2.9.7/jackson-module-parameter-names-2.9.7.jar:/home/helenilson/.m2/repository/org/springframework/boot/spring-boot-starter-tomcat/2.1.0.RC1/spring-boot-starter-tomcat-2.1.0.RC1.jar:/home/helenilson/.m2/repository/org/apache/tomcat/embed/tomcat-embed-core/9.0.12/tomcat-embed-core-9.0.12.jar:/home/helenilson/.m2/repository/org/apache/tomcat/embed/tomcat-embed-el/9.0.12/tomcat-embed-el-9.0.12.jar:/home/helenilson/.m2/repository/org/apache/tomcat/embed/tomcat-embed-websocket/9.0.12/tomcat-embed-websocket-9.0.12.jar:/home/helenilson/.m2/repository/org/hibernate/validator/hibernate-validator/6.0.13.Final/hibernate-validator-6.0.13.Final.jar:/home/helenilson/.m2/repository/javax/validation/validation-api/2.0.1.Final/validation-api-2.0.1.Final.jar:/home/helenilson/.m2/repository/org/jboss/logging/jboss-logging/3.3.2.Final/jboss-logging-3.3.2.Final.jar:/home/helenilson/.m2/repository/com/fasterxml/classmate/1.4.0/classmate-1.4.0.jar:/home/helenilson/.m2/repository/org/springframework/spring-web/5.1.1.RELEASE/spring-web-5.1.1.RELEASE.jar:/home/helenilson/.m2/repository/org/springframework/spring-beans/5.1.1.RELEASE/spring-beans-5.1.1.RELEASE.jar:/home/helenilson/.m2/repository/org/springframework/spring-webmvc/5.1.1.RELEASE/spring-webmvc-5.1.1.RELEASE.jar:/home/helenilson/.m2/repository/org/springframework/spring-aop/5.1.1.RELEASE/spring-aop-5.1.1.RELEASE.jar:/home/helenilson/.m2/repository/org/springframework/spring-expression/5.1.1.RELEASE/spring-expression-5.1.1.RELEASE.jar:/home/helenilson/.m2/repository/org/springframework/cloud/spring-cloud-starter-config/2.1.0.M1/spring-cloud-starter-config-2.1.0.M1.jar:/home/helenilson/.m2/repository/org/springframework/cloud/spring-cloud-starter/2.1.0.M1/spring-cloud-starter-2.1.0.M1.jar:/home/helenilson/.m2/repository/org/springframework/cloud/spring-cloud-context/2.1.0.M1/spring-cloud-context-2.1.0.M1.jar:/home/helenilson/.m2/repository/org/springframework/security/spring-security-rsa/1.0.7.RELEASE/spring-security-rsa-1.0.7.RELEASE.jar:/home/helenilson/.m2/repository/org/bouncycastle/bcpkix-jdk15on/1.60/bcpkix-jdk15on-1.60.jar:/home/helenilson/.m2/repository/org/bouncycastle/bcprov-jdk15on/1.60/bcprov-jdk15on-1.60.jar:/home/helenilson/.m2/repository/org/springframework/cloud/spring-cloud-config-client/2.1.0.M1/spring-cloud-config-client-2.1.0.M1.jar:/home/helenilson/.m2/repository/com/fasterxml/jackson/core/jackson-annotations/2.9.0/jackson-annotations-2.9.0.jar:/home/helenilson/.m2/repository/com/fasterxml/jackson/core/jackson-databind/2.9.7/jackson-databind-2.9.7.jar:/home/helenilson/.m2/repository/com/fasterxml/jackson/core/jackson-core/2.9.7/jackson-core-2.9.7.jar:/home/helenilson/.m2/repository/org/springframework/cloud/spring-cloud-starter-openfeign/2.1.0.M1/spring-cloud-starter-openfeign-2.1.0.M1.jar:/home/helenilson/.m2/repository/org/springframework/cloud/spring-cloud-openfeign-core/2.1.0.M1/spring-cloud-openfeign-core-2.1.0.M1.jar:/home/helenilson/.m2/repository/org/springframework/boot/spring-boot-starter-aop/2.1.0.RC1/spring-boot-starter-aop-2.1.0.RC1.jar:/home/helenilson/.m2/repository/org/aspectj/aspectjweaver/1.9.1/aspectjweaver-1.9.1.jar:/home/helenilson/.m2/repository/io/github/openfeign/form/feign-form-spring/3.3.0/feign-form-spring-3.3.0.jar:/home/helenilson/.m2/repository/io/github/openfeign/form/feign-form/3.3.0/feign-form-3.3.0.jar:/home/helenilson/.m2/repository/com/google/code/findbugs/annotations/3.0.1/annotations-3.0.1.jar:/home/helenilson/.m2/repository/net/jcip/jcip-annotations/1.0/jcip-annotations-1.0.jar:/home/helenilson/.m2/repository/commons-fileupload/commons-fileupload/1.3.3/commons-fileupload-1.3.3.jar:/home/helenilson/.m2/repository/commons-io/commons-io/2.2/commons-io-2.2.jar:/home/helenilson/.m2/repository/org/springframework/cloud/spring-cloud-commons/2.1.0.M1/spring-cloud-commons-2.1.0.M1.jar:/home/helenilson/.m2/repository/org/springframework/security/spring-security-crypto/5.1.1.RELEASE/spring-security-crypto-5.1.1.RELEASE.jar:/home/helenilson/.m2/repository/io/github/openfeign/feign-core/9.7.0/feign-core-9.7.0.jar:/home/helenilson/.m2/repository/io/github/openfeign/feign-slf4j/9.7.0/feign-slf4j-9.7.0.jar:/home/helenilson/.m2/repository/org/slf4j/slf4j-api/1.7.25/slf4j-api-1.7.25.jar:/home/helenilson/.m2/repository/io/github/openfeign/feign-hystrix/9.7.0/feign-hystrix-9.7.0.jar:/home/helenilson/.m2/repository/com/netflix/archaius/archaius-core/0.7.6/archaius-core-0.7.6.jar:/home/helenilson/.m2/repository/com/google/code/findbugs/jsr305/3.0.1/jsr305-3.0.1.jar:/home/helenilson/.m2/repository/com/netflix/hystrix/hystrix-core/1.5.12/hystrix-core-1.5.12.jar:/home/helenilson/.m2/repository/io/github/openfeign/feign-java8/9.7.0/feign-java8-9.7.0.jar:/home/helenilson/.m2/repository/org/springframework/cloud/spring-cloud-starter-netflix-ribbon/2.1.0.M1/spring-cloud-starter-netflix-ribbon-2.1.0.M1.jar:/home/helenilson/.m2/repository/org/springframework/cloud/spring-cloud-netflix-ribbon/2.1.0.M1/spring-cloud-netflix-ribbon-2.1.0.M1.jar:/home/helenilson/.m2/repository/org/springframework/cloud/spring-cloud-netflix-archaius/2.1.0.M1/spring-cloud-netflix-archaius-2.1.0.M1.jar:/home/helenilson/.m2/repository/org/springframework/cloud/spring-cloud-starter-netflix-archaius/2.1.0.M1/spring-cloud-starter-netflix-archaius-2.1.0.M1.jar:/home/helenilson/.m2/repository/commons-configuration/commons-configuration/1.8/commons-configuration-1.8.jar:/home/helenilson/.m2/repository/com/netflix/ribbon/ribbon/2.2.5/ribbon-2.2.5.jar:/home/helenilson/.m2/repository/com/netflix/ribbon/ribbon-transport/2.2.5/ribbon-transport-2.2.5.jar:/home/helenilson/.m2/repository/io/reactivex/rxnetty-contexts/0.4.9/rxnetty-contexts-0.4.9.jar:/home/helenilson/.m2/repository/io/reactivex/rxnetty-servo/0.4.9/rxnetty-servo-0.4.9.jar:/home/helenilson/.m2/repository/javax/inject/javax.inject/1/javax.inject-1.jar:/home/helenilson/.m2/repository/io/reactivex/rxnetty/0.4.9/rxnetty-0.4.9.jar:/home/helenilson/.m2/repository/io/netty/netty-codec-http/4.1.29.Final/netty-codec-http-4.1.29.Final.jar:/home/helenilson/.m2/repository/io/netty/netty-codec/4.1.29.Final/netty-codec-4.1.29.Final.jar:/home/helenilson/.m2/repository/io/netty/netty-transport-native-epoll/4.1.29.Final/netty-transport-native-epoll-4.1.29.Final.jar:/home/helenilson/.m2/repository/io/netty/netty-common/4.1.29.Final/netty-common-4.1.29.Final.jar:/home/helenilson/.m2/repository/io/netty/netty-buffer/4.1.29.Final/netty-buffer-4.1.29.Final.jar:/home/helenilson/.m2/repository/io/netty/netty-transport-native-unix-common/4.1.29.Final/netty-transport-native-unix-common-4.1.29.Final.jar:/home/helenilson/.m2/repository/io/netty/netty-transport/4.1.29.Final/netty-transport-4.1.29.Final.jar:/home/helenilson/.m2/repository/io/netty/netty-resolver/4.1.29.Final/netty-resolver-4.1.29.Final.jar:/home/helenilson/.m2/repository/com/google/guava/guava/16.0.1/guava-16.0.1.jar:/home/helenilson/.m2/repository/com/netflix/ribbon/ribbon-core/2.2.5/ribbon-core-2.2.5.jar:/home/helenilson/.m2/repository/commons-lang/commons-lang/2.6/commons-lang-2.6.jar:/home/helenilson/.m2/repository/com/netflix/ribbon/ribbon-httpclient/2.2.5/ribbon-httpclient-2.2.5.jar:/home/helenilson/.m2/repository/commons-collections/commons-collections/3.2.2/commons-collections-3.2.2.jar:/home/helenilson/.m2/repository/org/apache/httpcomponents/httpclient/4.5.6/httpclient-4.5.6.jar:/home/helenilson/.m2/repository/org/apache/httpcomponents/httpcore/4.4.10/httpcore-4.4.10.jar:/home/helenilson/.m2/repository/commons-codec/commons-codec/1.11/commons-codec-1.11.jar:/home/helenilson/.m2/repository/com/sun/jersey/jersey-client/1.19.1/jersey-client-1.19.1.jar:/home/helenilson/.m2/repository/com/sun/jersey/jersey-core/1.19.1/jersey-core-1.19.1.jar:/home/helenilson/.m2/repository/javax/ws/rs/jsr311-api/1.1.1/jsr311-api-1.1.1.jar:/home/helenilson/.m2/repository/com/sun/jersey/contribs/jersey-apache-client4/1.19.1/jersey-apache-client4-1.19.1.jar:/home/helenilson/.m2/repository/com/netflix/servo/servo-core/0.12.21/servo-core-0.12.21.jar:/home/helenilson/.m2/repository/com/netflix/netflix-commons/netflix-commons-util/0.3.0/netflix-commons-util-0.3.0.jar:/home/helenilson/.m2/repository/com/netflix/ribbon/ribbon-loadbalancer/2.2.5/ribbon-loadbalancer-2.2.5.jar:/home/helenilson/.m2/repository/com/netflix/netflix-commons/netflix-statistics/0.1.1/netflix-statistics-0.1.1.jar:/home/helenilson/.m2/repository/io/reactivex/rxjava/1.3.8/rxjava-1.3.8.jar:/home/helenilson/.m2/repository/org/springframework/boot/spring-boot-devtools/2.1.0.RC1/spring-boot-devtools-2.1.0.RC1.jar:/home/helenilson/.m2/repository/org/springframework/boot/spring-boot/2.1.0.RC1/spring-boot-2.1.0.RC1.jar:/home/helenilson/.m2/repository/org/springframework/boot/spring-boot-autoconfigure/2.1.0.RC1/spring-boot-autoconfigure-2.1.0.RC1.jar:/home/helenilson/.m2/repository/org/springframework/boot/spring-boot-starter-test/2.1.0.RC1/spring-boot-starter-test-2.1.0.RC1.jar:/home/helenilson/.m2/repository/org/springframework/boot/spring-boot-test/2.1.0.RC1/spring-boot-test-2.1.0.RC1.jar:/home/helenilson/.m2/repository/org/springframework/boot/spring-boot-test-autoconfigure/2.1.0.RC1/spring-boot-test-autoconfigure-2.1.0.RC1.jar:/home/helenilson/.m2/repository/com/jayway/jsonpath/json-path/2.4.0/json-path-2.4.0.jar:/home/helenilson/.m2/repository/net/minidev/json-smart/2.3/json-smart-2.3.jar:/home/helenilson/.m2/repository/net/minidev/accessors-smart/1.2/accessors-smart-1.2.jar:/home/helenilson/.m2/repository/org/ow2/asm/asm/5.0.4/asm-5.0.4.jar:/home/helenilson/.m2/repository/junit/junit/4.12/junit-4.12.jar:/home/helenilson/.m2/repository/org/assertj/assertj-core/3.11.1/assertj-core-3.11.1.jar:/home/helenilson/.m2/repository/org/mockito/mockito-core/2.23.0/mockito-core-2.23.0.jar:/home/helenilson/.m2/repository/net/bytebuddy/byte-buddy/1.9.1/byte-buddy-1.9.1.jar:/home/helenilson/.m2/repository/net/bytebuddy/byte-buddy-agent/1.9.1/byte-buddy-agent-1.9.1.jar:/home/helenilson/.m2/repository/org/objenesis/objenesis/2.6/objenesis-2.6.jar:/home/helenilson/.m2/repository/org/hamcrest/hamcrest-core/1.3/hamcrest-core-1.3.jar:/home/helenilson/.m2/repository/org/hamcrest/hamcrest-library/1.3/hamcrest-library-1.3.jar:/home/helenilson/.m2/repository/org/skyscreamer/jsonassert/1.5.0/jsonassert-1.5.0.jar:/home/helenilson/.m2/repository/com/vaadin/external/google/android-json/0.0.20131108.vaadin1/android-json-0.0.20131108.vaadin1.jar:/home/helenilson/.m2/repository/org/springframework/spring-core/5.1.1.RELEASE/spring-core-5.1.1.RELEASE.jar:/home/helenilson/.m2/repository/org/springframework/spring-jcl/5.1.1.RELEASE/spring-jcl-5.1.1.RELEASE.jar:/home/helenilson/.m2/repository/org/springframework/spring-test/5.1.1.RELEASE/spring-test-5.1.1.RELEASE.jar:/home/helenilson/.m2/repository/org/xmlunit/xmlunit-core/2.6.2/xmlunit-core-2.6.2.jar:"/>
    <property name="sun.cpu.endian" value="little"/>
    <property name="user.home" value="/home/helenilson"/>
    <property name="user.language" value="pt"/>
    <property name="java.specification.vendor" value="Oracle Corporation"/>
    <property name="java.home" value="/usr/lib/jvm/java-8-oracle/jre"/>
    <property name="basedir" value="/home/helenilson/Documents/workspaceEstudo/currency-conversion-service"/>
    <property name="file.separator" value="/"/>
    <property name="line.separator" value="&#10;"/>
    <property name="java.vm.specification.vendor" value="Oracle Corporation"/>
    <property name="java.specification.name" value="Java Platform API Specification"/>
    <property name="java.awt.graphicsenv" value="sun.awt.X11GraphicsEnvironment"/>
    <property name="surefire.real.class.path" value="/home/helenilson/Documents/workspaceEstudo/currency-conversion-service/target/surefire/surefirebooter2514068635776218116.jar"/>
    <property name="sun.boot.class.path" value="/usr/lib/jvm/java-8-oracle/jre/lib/resources.jar:/usr/lib/jvm/java-8-oracle/jre/lib/rt.jar:/usr/lib/jvm/java-8-oracle/jre/lib/sunrsasign.jar:/usr/lib/jvm/java-8-oracle/jre/lib/jsse.jar:/usr/lib/jvm/java-8-oracle/jre/lib/jce.jar:/usr/lib/jvm/java-8-oracle/jre/lib/charsets.jar:/usr/lib/jvm/java-8-oracle/jre/lib/jfr.jar:/usr/lib/jvm/java-8-oracle/jre/classes"/>
    <property name="sun.management.compiler" value="HotSpot 64-Bit Tiered Compilers"/>
    <property name="java.runtime.version" value="1.8.0_191-b12"/>
    <property name="user.name" value="helenilson"/>
    <property name="path.separator" value=":"/>
    <property name="os.version" value="4.15.0-39-generic"/>
    <property name="java.endorsed.dirs" value="/usr/lib/jvm/java-8-oracle/jre/lib/endorsed"/>
    <property name="java.runtime.name" value="Java(TM) SE Runtime Environment"/>
    <property name="file.encoding" value="UTF-8"/>
    <property name="java.vm.name" value="Java HotSpot(TM) 64-Bit Server VM"/>
    <property name="localRepository" value="/home/helenilson/.m2/repository"/>
    <property name="java.vendor.url.bug" value="http://bugreport.sun.com/bugreport/"/>
    <property name="java.io.tmpdir" value="/tmp"/>
    <property name="java.version" value="1.8.0_191"/>
    <property name="user.dir" value="/home/helenilson/Documents/workspaceEstudo/currency-conversion-service"/>
    <property name="os.arch" value="amd64"/>
    <property name="java.vm.specification.name" value="Java Virtual Machine Specification"/>
    <property name="java.awt.printerjob" value="sun.print.PSPrinterJob"/>
    <property name="sun.os.patch.level" value="unknown"/>
    <property name="java.library.path" value="/usr/java/packages/lib/amd64:/usr/lib64:/lib64:/lib:/usr/lib"/>
    <property name="java.vm.info" value="mixed mode"/>
    <property name="java.vendor" value="Oracle Corporation"/>
    <property name="java.vm.version" value="25.191-b12"/>
    <property name="java.ext.dirs" value="/usr/lib/jvm/java-8-oracle/jre/lib/ext:/usr/java/packages/lib/ext"/>
    <property name="sun.io.unicode.encoding" value="UnicodeLittle"/>
    <property name="java.class.version" value="52.0"/>
  </properties>
  <testcase name="contextLoads" classname="com.hms.microservice.CurrencyConversionServiceApplicationTests" time="0.152"/>
</testsuite>